Using pre-set license
Built from '2020.3/release' branch; Version is '2020.3.1f1 (77a89f25062f) revision 7841951'; Using compiler version '192528614'; Build Type 'Release'
OS: 'Windows 10 Home Single Language; OS build 19042.1415; Version 2009; 64bit' Language: 'en' Physical Memory: 24427 MB
BatchMode: 1, IsHumanControllingUs: 0, StartBugReporterOnCrash: 0, Is64bit: 1, IsPro: 0

 COMMAND LINE ARGUMENTS:
C:\Program Files\Unity\Hub\Editor\2020.3.1f1\Editor\Unity.exe
-adb2
-batchMode
-noUpm
-name
AssetImportWorker0
-projectPath
C:/Users/Kenzie/Desktop/Projects/Games/A 3D Game/RabbitEscape
-logFile
Logs/AssetImportWorker0.log
-srvPort
56874
Successfully changed project path to: C:/Users/Kenzie/Desktop/Projects/Games/A 3D Game/RabbitEscape
C:/Users/Kenzie/Desktop/Projects/Games/A 3D Game/RabbitEscape
Using Asset Import Pipeline V2.
Refreshing native plugins compatible for Editor in 93.67 ms, found 0 plugins.
Preloading 0 native plugins for Editor in 0.00 ms.
Initialize engine version: 2020.3.1f1 (77a89f25062f)
[Subsystems] Discovering subsystems at path C:/Program Files/Unity/Hub/Editor/2020.3.1f1/Editor/Data/Resources/UnitySubsystems
[Subsystems] Discovering subsystems at path C:/Users/Kenzie/Desktop/Projects/Games/A 3D Game/RabbitEscape/Assets
GfxDevice: creating device client; threaded=0
Direct3D:
    Version:  Direct3D 11.0 [level 11.1]
    Renderer: NVIDIA GeForce GTX 1650 (ID=0x1f91)
    Vendor:   
    VRAM:     3962 MB
    Driver:   30.0.14.9709
Shader 'Universal Render Pipeline/Particles/Lit': fallback shader 'Universal Render Pipeline/Particles/SimpleLit' not found
Initialize mono
Mono path[0] = 'C:/Program Files/Unity/Hub/Editor/2020.3.1f1/Editor/Data/Managed'
Mono path[1] = 'C:/Program Files/Unity/Hub/Editor/2020.3.1f1/Editor/Data/MonoBleedingEdge/lib/mono/unityjit'
Mono config path = 'C:/Program Files/Unity/Hub/Editor/2020.3.1f1/Editor/Data/MonoBleedingEdge/etc'
Using monoOptions --debugger-agent=transport=dt_socket,embedding=1,server=y,suspend=n,address=127.0.0.1:56200
Begin MonoManager ReloadAssembly
Registering precompiled unity dll's ...
Register platform support module: C:/Program Files/Unity/Hub/Editor/2020.3.1f1/Editor/Data/PlaybackEngines/WebGLSupport/UnityEditor.WebGL.Extensions.dll
Register platform support module: C:/Program Files/Unity/Hub/Editor/2020.3.1f1/Editor/Data/PlaybackEngines/WindowsStandaloneSupport/UnityEditor.WindowsStandalone.Extensions.dll
Registered in 0.003989 seconds.
Native extension for WindowsStandalone target not found
Native extension for WebGL target not found
Refreshing native plugins compatible for Editor in 77.93 ms, found 0 plugins.
Preloading 0 native plugins for Editor in 0.00 ms.
Invoked RoslynAnalysisRunner static constructor.
RoslynAnalysisRunner will not be running.
RoslynAnalysisRunner has terminated.
Mono: successfully reloaded assembly
- Completed reload, in  2.070 seconds
Platform modules already initialized, skipping
Registering precompiled user dll's ...
Registered in 0.002392 seconds.
Begin MonoManager ReloadAssembly
OnLevelWasLoaded was found on SceneController
This message has been deprecated and will be removed in a later version of Unity.
Add a delegate to SceneManager.sceneLoaded instead to get notifications after scene loading has completed

Native extension for WindowsStandalone target not found
Native extension for WebGL target not found
Refreshing native plugins compatible for Editor in 75.22 ms, found 0 plugins.
Preloading 0 native plugins for Editor in 0.00 ms.
Invoked RoslynAnalysisRunner static constructor.
RoslynAnalysisRunner will not be running.
RoslynAnalysisRunner has terminated.
Mono: successfully reloaded assembly
- Completed reload, in  1.666 seconds
Platform modules already initialized, skipping
========================================================================
Worker process is ready to serve import requests
Shader 'Universal Render Pipeline/Particles/Lit': fallback shader 'Universal Render Pipeline/Particles/SimpleLit' not found
Launched and connected shader compiler UnityShaderCompiler.exe after 0.05 seconds
Refreshing native plugins compatible for Editor in 0.63 ms, found 0 plugins.
Preloading 0 native plugins for Editor in 0.00 ms.
Unloading 2734 Unused Serialized files (Serialized files now loaded: 0)
System memory in use before: 126.6 MB.
System memory in use after: 126.8 MB.

Unloading 11 unused Assets to reduce memory usage. Loaded Objects now: 3177.
Total: 3.573700 ms (FindLiveObjects: 0.702300 ms CreateObjectMapping: 0.289700 ms MarkObjects: 2.491500 ms  DeleteObjects: 0.087900 ms)

========================================================================
Received Import Request.
  path: Assets/Title.png
  artifactKey: Guid(7f41e9e2bdd7aef4e842160a8c333e21) Importer(815301076,1909f56bfc062723c751e8b465ee728b)
Start importing Assets/Title.png using Guid(7f41e9e2bdd7aef4e842160a8c333e21) Importer(815301076,1909f56bfc062723c751e8b465ee728b)  -> (artifact id: 'caaf1820334bcf1eae06dbd8fd5c33e0') in 0.260011 seconds
  Import took 0.266844 seconds .

========================================================================
Received Import Request.
  Time since last request: 0.000524 seconds.
  path: Assets/Bunny_Animation.mp4
  artifactKey: Guid(ffc0e1bf276d9ed4fbfb6c380505e4ba) Importer(815301076,1909f56bfc062723c751e8b465ee728b)
Start importing Assets/Bunny_Animation.mp4 using Guid(ffc0e1bf276d9ed4fbfb6c380505e4ba) Importer(815301076,1909f56bfc062723c751e8b465ee728b)  -> (artifact id: '61c6b4a425d3949b9e88437fd8a2dfe4') in 0.019448 seconds
  Import took 0.026045 seconds .

========================================================================
Received Import Request.
  Time since last request: 0.000304 seconds.
  path: Assets/AppIcon.png
  artifactKey: Guid(81fa0b34bcb2064438bb484318628cd6) Importer(815301076,1909f56bfc062723c751e8b465ee728b)
Start importing Assets/AppIcon.png using Guid(81fa0b34bcb2064438bb484318628cd6) Importer(815301076,1909f56bfc062723c751e8b465ee728b)  -> (artifact id: 'd708ae411644a2af54b7f53736198b91') in 0.033358 seconds
  Import took 0.040678 seconds .

========================================================================
Received Import Request.
  Time since last request: 0.000347 seconds.
  path: Assets/Screenshot 2021-12-16 160557.png
  artifactKey: Guid(7e0ddbe25a4b3124cb942451e986a6b3) Importer(815301076,1909f56bfc062723c751e8b465ee728b)
Start importing Assets/Screenshot 2021-12-16 160557.png using Guid(7e0ddbe25a4b3124cb942451e986a6b3) Importer(815301076,1909f56bfc062723c751e8b465ee728b)  -> (artifact id: '6ae35ec164dd8bab7b30726fc22cf1a6') in 0.018697 seconds
  Import took 0.024709 seconds .

========================================================================
Received Import Request.
  Time since last request: 0.000288 seconds.
  path: Assets/Buttons.png
  artifactKey: Guid(e1298891f9eda89428d0acf9a7e754de) Importer(815301076,1909f56bfc062723c751e8b465ee728b)
Start importing Assets/Buttons.png using Guid(e1298891f9eda89428d0acf9a7e754de) Importer(815301076,1909f56bfc062723c751e8b465ee728b)  -> (artifact id: '7a12756ab42c306bcc9a936e34041555') in 0.032610 seconds
  Import took 0.039478 seconds .

========================================================================
Received Import Request.
  Time since last request: 0.000311 seconds.
  path: Assets/Volume Profile.asset
  artifactKey: Guid(68a6272950906ef4f9984b44bc3dcc26) Importer(815301076,1909f56bfc062723c751e8b465ee728b)
Start importing Assets/Volume Profile.asset using Guid(68a6272950906ef4f9984b44bc3dcc26) Importer(815301076,1909f56bfc062723c751e8b465ee728b)  -> (artifact id: 'bd20ca9b7b31288822f37be158b9fd8e') in 0.025770 seconds
  Import took 0.034029 seconds .

========================================================================
Received Import Request.
  Time since last request: 0.000351 seconds.
  path: Assets/AbrilFatface-Regular.ttf
  artifactKey: Guid(19643b6a72bb5cc4eb2c83530c2a2a9f) Importer(815301076,1909f56bfc062723c751e8b465ee728b)
Start importing Assets/AbrilFatface-Regular.ttf using Guid(19643b6a72bb5cc4eb2c83530c2a2a9f) Importer(815301076,1909f56bfc062723c751e8b465ee728b)  -> (artifact id: 'bdb610c9e7fa6516a6e75493d819061c') in 0.283697 seconds
  Import took 0.290194 seconds .

========================================================================
Received Import Request.
  Time since last request: 114.495245 seconds.
  path: Assets/Audio/button.mp3
  artifactKey: Guid(e9c48194de0e8c346a6838f06f6aca88) Importer(815301076,1909f56bfc062723c751e8b465ee728b)
Start importing Assets/Audio/button.mp3 using Guid(e9c48194de0e8c346a6838f06f6aca88) Importer(815301076,1909f56bfc062723c751e8b465ee728b)  -> (artifact id: '63189fdefa4c797c42ec5350d23e5bf1') in 0.051242 seconds
  Import took 0.059217 seconds .

========================================================================
Received Import Request.
  Time since last request: 0.000360 seconds.
  path: Assets/Audio/power_up.mp3
  artifactKey: Guid(a30e70b31f4d0994887fcda8c670dea3) Importer(815301076,1909f56bfc062723c751e8b465ee728b)
Start importing Assets/Audio/power_up.mp3 using Guid(a30e70b31f4d0994887fcda8c670dea3) Importer(815301076,1909f56bfc062723c751e8b465ee728b)  -> (artifact id: '4fd087fae062d9616090f330a3486a9b') in 0.019575 seconds
  Import took 0.025639 seconds .

========================================================================
Received Import Request.
  Time since last request: 0.000384 seconds.
  path: Assets/Audio/NewAudioMixer.mixer
  artifactKey: Guid(0004578acba976c4d92e66cf300fc721) Importer(815301076,1909f56bfc062723c751e8b465ee728b)
Start importing Assets/Audio/NewAudioMixer.mixer using Guid(0004578acba976c4d92e66cf300fc721) Importer(815301076,1909f56bfc062723c751e8b465ee728b)  -> (artifact id: '730e4c0daa05471550b110a124dfafe9') in 0.012957 seconds
  Import took 0.019025 seconds .

========================================================================
Received Import Request.
  Time since last request: 0.000396 seconds.
  path: Assets/Audio/game_over.mp3
  artifactKey: Guid(afc3488d705fd1f40bad25fe4c70288d) Importer(815301076,1909f56bfc062723c751e8b465ee728b)
Start importing Assets/Audio/game_over.mp3 using Guid(afc3488d705fd1f40bad25fe4c70288d) Importer(815301076,1909f56bfc062723c751e8b465ee728b)  -> (artifact id: 'd42f58e08050109d1698173f352a7ce9') in 0.017992 seconds
  Import took 0.024170 seconds .

========================================================================
Received Import Request.
  Time since last request: 0.000361 seconds.
  path: Assets/Audio/main_menu.mp3
  artifactKey: Guid(5ca5741584628ef4e85c0c4279fa0160) Importer(815301076,1909f56bfc062723c751e8b465ee728b)
Start importing Assets/Audio/main_menu.mp3 using Guid(5ca5741584628ef4e85c0c4279fa0160) Importer(815301076,1909f56bfc062723c751e8b465ee728b)  -> (artifact id: '65d5789c7a55c1dc208d1a12702a3879') in 0.018407 seconds
  Import took 0.023845 seconds .

========================================================================
Received Import Request.
  Time since last request: 0.000342 seconds.
  path: Assets/Audio/gameplay.mp3
  artifactKey: Guid(4e66468c225ad5e4d9018cc3ca624449) Importer(815301076,1909f56bfc062723c751e8b465ee728b)
Start importing Assets/Audio/gameplay.mp3 using Guid(4e66468c225ad5e4d9018cc3ca624449) Importer(815301076,1909f56bfc062723c751e8b465ee728b)  -> (artifact id: 'ace2e032c73d6323e94c1931910a4cd3') in 0.017059 seconds
  Import took 0.023187 seconds .

========================================================================
Received Import Request.
  Time since last request: 0.369757 seconds.
  path: Assets/Materials/Left.mat
  artifactKey: Guid(62731983d9d18534d9961824634f5262) Importer(815301076,1909f56bfc062723c751e8b465ee728b)
Start importing Assets/Materials/Left.mat using Guid(62731983d9d18534d9961824634f5262) Importer(815301076,1909f56bfc062723c751e8b465ee728b)  -> (artifact id: '9fade1dbbca343d5cde0c958011585a7') in 0.658988 seconds
  Import took 0.666623 seconds .

========================================================================
Received Import Request.
  Time since last request: 0.000395 seconds.
  path: Assets/Materials/Right.mat
  artifactKey: Guid(9a77eb847d57d104f8ece4f349766d08) Importer(815301076,1909f56bfc062723c751e8b465ee728b)
Start importing Assets/Materials/Right.mat using Guid(9a77eb847d57d104f8ece4f349766d08) Importer(815301076,1909f56bfc062723c751e8b465ee728b)  -> (artifact id: '36b8b1bcc7ed2db89bf4869e94a3655d') in 0.028061 seconds
  Import took 0.035006 seconds .

========================================================================
Received Import Request.
  Time since last request: 0.766986 seconds.
  path: Assets/Models/Multiplier.fbx
  artifactKey: Guid(7b6fcfef3304b0341ad5b1fa98b6f12e) Importer(815301076,1909f56bfc062723c751e8b465ee728b)
Start importing Assets/Models/Multiplier.fbx using Guid(7b6fcfef3304b0341ad5b1fa98b6f12e) Importer(815301076,1909f56bfc062723c751e8b465ee728b)  -> (artifact id: 'd4e4af2bb96ce78f71d4df4a1fbc7fb3') in 0.438987 seconds
  Import took 0.445198 seconds .

========================================================================
Received Import Request.
  Time since last request: 0.000391 seconds.
  path: Assets/Models/Rage.fbx
  artifactKey: Guid(cf46f1b43f1c5a349b9a3d303fb6b874) Importer(815301076,1909f56bfc062723c751e8b465ee728b)
Start importing Assets/Models/Rage.fbx using Guid(cf46f1b43f1c5a349b9a3d303fb6b874) Importer(815301076,1909f56bfc062723c751e8b465ee728b)  -> (artifact id: '24aab44bb0fd93a80e562d6abafd073e') in 0.055171 seconds
  Import took 0.061313 seconds .

========================================================================
Received Import Request.
  Time since last request: 7.087656 seconds.
  path: Assets/Prefabs/Env Left.prefab
  artifactKey: Guid(c5e22379061bade4b9e75f8c37866dde) Importer(815301076,1909f56bfc062723c751e8b465ee728b)
Start importing Assets/Prefabs/Env Left.prefab using Guid(c5e22379061bade4b9e75f8c37866dde) Importer(815301076,1909f56bfc062723c751e8b465ee728b)  -> (artifact id: '18f26edfb8315a51349b2fa8475ff188') in 0.049082 seconds
  Import took 0.056974 seconds .

========================================================================
Received Import Request.
  Time since last request: 0.000340 seconds.
  path: Assets/Prefabs/Obs3.prefab
  artifactKey: Guid(128ce0d2cbcd2284aab818561aec46b6) Importer(815301076,1909f56bfc062723c751e8b465ee728b)
Start importing Assets/Prefabs/Obs3.prefab using Guid(128ce0d2cbcd2284aab818561aec46b6) Importer(815301076,1909f56bfc062723c751e8b465ee728b)  -> (artifact id: '94352619251814fa736a635cef36a4b1') in 0.020854 seconds
  Import took 0.027226 seconds .

========================================================================
Received Import Request.
  Time since last request: 0.000310 seconds.
  path: Assets/Prefabs/Obs1.prefab
  artifactKey: Guid(2ae02f12848045b4d95142ec8ef1fb6d) Importer(815301076,1909f56bfc062723c751e8b465ee728b)
Start importing Assets/Prefabs/Obs1.prefab using Guid(2ae02f12848045b4d95142ec8ef1fb6d) Importer(815301076,1909f56bfc062723c751e8b465ee728b)  -> (artifact id: 'c196a53aaa46c3e1cb635f2dbc566da6') in 0.019820 seconds
  Import took 0.027002 seconds .

========================================================================
Received Import Request.
  Time since last request: 0.000359 seconds.
  path: Assets/Prefabs/Obs2.prefab
  artifactKey: Guid(5638d93e8062e4e40a8b46f437f69b67) Importer(815301076,1909f56bfc062723c751e8b465ee728b)
Start importing Assets/Prefabs/Obs2.prefab using Guid(5638d93e8062e4e40a8b46f437f69b67) Importer(815301076,1909f56bfc062723c751e8b465ee728b)  -> (artifact id: 'a7f1bf0abb22da9ad200e1e23eb903e3') in 0.018649 seconds
  Import took 0.024983 seconds .

========================================================================
Received Import Request.
  Time since last request: 0.000301 seconds.
  path: Assets/Prefabs/Env Straight.prefab
  artifactKey: Guid(d52fa61e3f5c6864ba42b9b1a5c2b009) Importer(815301076,1909f56bfc062723c751e8b465ee728b)
Start importing Assets/Prefabs/Env Straight.prefab using Guid(d52fa61e3f5c6864ba42b9b1a5c2b009) Importer(815301076,1909f56bfc062723c751e8b465ee728b)  -> (artifact id: '6d751a8448c8024a8d2063ddf07c1f90') in 0.034497 seconds
  Import took 0.041816 seconds .

========================================================================
Received Import Request.
  Time since last request: 0.000360 seconds.
  path: Assets/Prefabs/Env Right.prefab
  artifactKey: Guid(d9ca578de794fb94bb8df706a715b1c4) Importer(815301076,1909f56bfc062723c751e8b465ee728b)
Start importing Assets/Prefabs/Env Right.prefab using Guid(d9ca578de794fb94bb8df706a715b1c4) Importer(815301076,1909f56bfc062723c751e8b465ee728b)  -> (artifact id: 'fa12570519dc43b8d1f934a41dd6987e') in 0.041356 seconds
  Import took 0.048531 seconds .

========================================================================
Received Import Request.
  Time since last request: 2.083050 seconds.
  path: Assets/Settings/ForwardRenderer.asset
  artifactKey: Guid(4a8e21d5c33334b11b34a596161b9360) Importer(815301076,1909f56bfc062723c751e8b465ee728b)
Start importing Assets/Settings/ForwardRenderer.asset using Guid(4a8e21d5c33334b11b34a596161b9360) Importer(815301076,1909f56bfc062723c751e8b465ee728b)  -> (artifact id: 'b6f5529336b11eefac7ab9329af5ff1f') in 0.011005 seconds
  Import took 0.017480 seconds .

========================================================================
Received Import Request.
  Time since last request: 0.000369 seconds.
  path: Assets/Settings/SampleSceneProfile.asset
  artifactKey: Guid(10fc4df2da32a41aaa32d77bc913491c) Importer(815301076,1909f56bfc062723c751e8b465ee728b)
Start importing Assets/Settings/SampleSceneProfile.asset using Guid(10fc4df2da32a41aaa32d77bc913491c) Importer(815301076,1909f56bfc062723c751e8b465ee728b)  -> (artifact id: '89981509e5197a516bd0e72a80ec3fa9') in 0.013116 seconds
  Import took 0.019628 seconds .

========================================================================
Received Import Request.
  Time since last request: 0.000324 seconds.
  path: Assets/Settings/UniversalRP-LowQuality.asset
  artifactKey: Guid(a31e9f9f9c9d4b9429ed0d1234e22103) Importer(815301076,1909f56bfc062723c751e8b465ee728b)
Start importing Assets/Settings/UniversalRP-LowQuality.asset using Guid(a31e9f9f9c9d4b9429ed0d1234e22103) Importer(815301076,1909f56bfc062723c751e8b465ee728b)  -> (artifact id: 'd5727c88265289ab7fc32c50aa931b25') in 0.011371 seconds
  Import took 0.017209 seconds .

========================================================================
Received Import Request.
  Time since last request: 0.000371 seconds.
  path: Assets/Settings/UniversalRP-MediumQuality.asset
  artifactKey: Guid(d847b876476d3d6468f5dfcd34266f96) Importer(815301076,1909f56bfc062723c751e8b465ee728b)
Start importing Assets/Settings/UniversalRP-MediumQuality.asset using Guid(d847b876476d3d6468f5dfcd34266f96) Importer(815301076,1909f56bfc062723c751e8b465ee728b)  -> (artifact id: '7a6888459ea26bc019f58e556cd9ea50') in 0.012770 seconds
  Import took 0.018362 seconds .

========================================================================
Received Import Request.
  Time since last request: 0.000356 seconds.
  path: Assets/Settings/UniversalRP-HighQuality.asset
  artifactKey: Guid(19ba41d7c0026c3459d37c2fe90c55a0) Importer(815301076,1909f56bfc062723c751e8b465ee728b)
Start importing Assets/Settings/UniversalRP-HighQuality.asset using Guid(19ba41d7c0026c3459d37c2fe90c55a0) Importer(815301076,1909f56bfc062723c751e8b465ee728b)  -> (artifact id: '95af9128d9ff5cd542bc366459d2e783') in 0.010949 seconds
  Import took 0.016379 seconds .

========================================================================
Received Import Request.
  Time since last request: 2.681043 seconds.
  path: Assets/Scenes/Game Scene.unity
  artifactKey: Guid(853783c218f815e469f3c0740f8ceb49) Importer(815301076,1909f56bfc062723c751e8b465ee728b)
Start importing Assets/Scenes/Game Scene.unity using Guid(853783c218f815e469f3c0740f8ceb49) Importer(815301076,1909f56bfc062723c751e8b465ee728b)  -> (artifact id: '8d4c57e9df7ad4bb799f74bf10a5d955') in 0.012037 seconds
  Import took 0.018756 seconds .

========================================================================
Received Import Request.
  Time since last request: 142.778102 seconds.
  path: Assets/Models/Environment
  artifactKey: Guid(024e74acdecd6c040867765113e27bac) Importer(815301076,1909f56bfc062723c751e8b465ee728b)
Start importing Assets/Models/Environment using Guid(024e74acdecd6c040867765113e27bac) Importer(815301076,1909f56bfc062723c751e8b465ee728b)  -> (artifact id: '7c0faeb25b4df6fecef4f71bd52b5b64') in 0.009250 seconds
  Import took 0.015367 seconds .

========================================================================
Received Import Request.
  Time since last request: 1.219105 seconds.
  path: Assets/Models/Obstacle
  artifactKey: Guid(67972185e95f9ac488bc269126f26876) Importer(815301076,1909f56bfc062723c751e8b465ee728b)
Start importing Assets/Models/Obstacle using Guid(67972185e95f9ac488bc269126f26876) Importer(815301076,1909f56bfc062723c751e8b465ee728b)  -> (artifact id: '01b1d45a042a26fe40e8fab7e7aa1667') in 0.010283 seconds
  Import took 0.016968 seconds .

========================================================================
Received Prepare
Registering precompiled user dll's ...
Registered in 0.002165 seconds.
Begin MonoManager ReloadAssembly
Native extension for WindowsStandalone target not found
Native extension for WebGL target not found
Refreshing native plugins compatible for Editor in 0.64 ms, found 0 plugins.
Preloading 0 native plugins for Editor in 0.00 ms.
Invoked RoslynAnalysisRunner static constructor.
RoslynAnalysisRunner will not be running.
RoslynAnalysisRunner has terminated.
Mono: successfully reloaded assembly
- Completed reload, in  1.603 seconds
Platform modules already initialized, skipping
OnLevelWasLoaded was found on SceneController
This message has been deprecated and will be removed in a later version of Unity.
Add a delegate to SceneManager.sceneLoaded instead to get notifications after scene loading has completed

Shader 'Universal Render Pipeline/Particles/Lit': fallback shader 'Universal Render Pipeline/Particles/SimpleLit' not found
Refreshing native plugins compatible for Editor in 0.61 ms, found 0 plugins.
Preloading 0 native plugins for Editor in 0.00 ms.
Unloading 2597 Unused Serialized files (Serialized files now loaded: 0)
System memory in use before: 124.6 MB.
System memory in use after: 124.8 MB.

Unloading 6 unused Assets to reduce memory usage. Loaded Objects now: 3278.
Total: 4.062800 ms (FindLiveObjects: 0.645300 ms CreateObjectMapping: 0.328900 ms MarkObjects: 3.039300 ms  DeleteObjects: 0.047500 ms)

AssetImportWorkerClient::OnTransportError - code=2 error=End of file
